Release 14.7 - xst P.20131013 (nt64)
Copyright (c) 1995-2013 Xilinx, Inc.  All rights reserved.
--> Parameter TMPDIR set to xst/projnav.tmp


Total REAL time to Xst completion: 0.00 secs
Total CPU time to Xst completion: 0.14 secs
 
--> Parameter xsthdpdir set to xst


Total REAL time to Xst completion: 0.00 secs
Total CPU time to Xst completion: 0.14 secs
 
--> Reading design: top_module.prj

TABLE OF CONTENTS
  1) Synthesis Options Summary
  2) HDL Compilation
  3) Design Hierarchy Analysis
  4) HDL Analysis
  5) HDL Synthesis
     5.1) HDL Synthesis Report
  6) Advanced HDL Synthesis
     6.1) Advanced HDL Synthesis Report
  7) Low Level Synthesis
  8) Partition Report
  9) Final Report
	9.1) Device utilization summary
	9.2) Partition Resource Summary
	9.3) TIMING REPORT


=========================================================================
*                      Synthesis Options Summary                        *
=========================================================================
---- Source Parameters
Input File Name                    : "top_module.prj"
Input Format                       : mixed
Ignore Synthesis Constraint File   : NO

---- Target Parameters
Output File Name                   : "top_module"
Output Format                      : NGC
Target Device                      : xc3s400-5-pq208

---- Source Options
Top Module Name                    : top_module
Automatic FSM Extraction           : YES
FSM Encoding Algorithm             : Auto
Safe Implementation                : No
FSM Style                          : LUT
RAM Extraction                     : Yes
RAM Style                          : Auto
ROM Extraction                     : Yes
Mux Style                          : Auto
Decoder Extraction                 : YES
Priority Encoder Extraction        : Yes
Shift Register Extraction          : YES
Logical Shifter Extraction         : YES
XOR Collapsing                     : YES
ROM Style                          : Auto
Mux Extraction                     : Yes
Resource Sharing                   : YES
Asynchronous To Synchronous        : NO
Multiplier Style                   : Auto
Automatic Register Balancing       : No

---- Target Options
Add IO Buffers                     : YES
Global Maximum Fanout              : 500
Add Generic Clock Buffer(BUFG)     : 8
Register Duplication               : YES
Slice Packing                      : YES
Optimize Instantiated Primitives   : NO
Use Clock Enable                   : Yes
Use Synchronous Set                : Yes
Use Synchronous Reset              : Yes
Pack IO Registers into IOBs        : Auto
Equivalent register Removal        : YES

---- General Options
Optimization Goal                  : Speed
Optimization Effort                : 1
Keep Hierarchy                     : No
Netlist Hierarchy                  : As_Optimized
RTL Output                         : Yes
Global Optimization                : AllClockNets
Read Cores                         : YES
Write Timing Constraints           : NO
Cross Clock Analysis               : NO
Hierarchy Separator                : /
Bus Delimiter                      : <>
Case Specifier                     : Maintain
Slice Utilization Ratio            : 100
BRAM Utilization Ratio             : 100
Verilog 2001                       : YES
Auto BRAM Packing                  : NO
Slice Utilization Ratio Delta      : 5

=========================================================================


=========================================================================
*                          HDL Compilation                              *
=========================================================================
Compiling vhdl file "D:/FPGA/Final_Project_9627473/Final_project_9627473/ps2.vhd" in Library work.
Architecture behavioral of Entity ps2 is up to date.
Compiling vhdl file "D:/FPGA/Final_Project_9627473/Final_project_9627473/morse_att.vhd" in Library work.
Architecture behavioral of Entity morse_att is up to date.
Compiling vhdl file "D:/FPGA/Final_Project_9627473/Final_project_9627473/top_module.vhd" in Library work.
Entity <top_module> compiled.
Entity <top_module> (Architecture <top_arch>) compiled.

=========================================================================
*                     Design Hierarchy Analysis                         *
=========================================================================
Analyzing hierarchy for entity <top_module> in library <work> (architecture <top_arch>).

Analyzing hierarchy for entity <ps2> in library <work> (architecture <behavioral>).

Analyzing hierarchy for entity <morse_att> in library <work> (architecture <behavioral>).


=========================================================================
*                            HDL Analysis                               *
=========================================================================
Analyzing Entity <top_module> in library <work> (Architecture <top_arch>).
Entity <top_module> analyzed. Unit <top_module> generated.

Analyzing Entity <ps2> in library <work> (Architecture <behavioral>).
WARNING:Xst:819 - "D:/FPGA/Final_Project_9627473/Final_project_9627473/ps2.vhd" line 46: One or more signals are missing in the process sensitivity list. To enable synthesis of FPGA/CPLD hardware, XST will assume that all necessary signals are present in the sensitivity list. Please note that the result of the synthesis may differ from the initial design specification. The missing signals are:
   <i>, <d>, <p>
Entity <ps2> analyzed. Unit <ps2> generated.

Analyzing Entity <morse_att> in library <work> (Architecture <behavioral>).
Entity <morse_att> analyzed. Unit <morse_att> generated.


=========================================================================
*                           HDL Synthesis                               *
=========================================================================

Performing bidirectional port resolution...

Synthesizing Unit <ps2>.
    Related source file is "D:/FPGA/Final_Project_9627473/Final_project_9627473/ps2.vhd".
WARNING:Xst:646 - Signal <d<10>> is assigned but never used. This unconnected signal will be trimmed during the optimization process.
WARNING:Xst:646 - Signal <d<0>> is assigned but never used. This unconnected signal will be trimmed during the optimization process.
WARNING:Xst:737 - Found 1-bit latch for signal <new_code>. Latches may be generated from incomplete case or if statements. We do not recommend the use of latches in FPGA/CPLD designs, as they may lead to timing problems.
WARNING:Xst:737 - Found 8-bit latch for signal <code>. Latches may be generated from incomplete case or if statements. We do not recommend the use of latches in FPGA/CPLD designs, as they may lead to timing problems.
    Found 9-bit tristate buffer for signal <d<9:1>>.
    Found 4-bit up counter for signal <i>.
    Found 1-bit register for signal <Mtridata_d<1>> created at line 58.
    Found 1-bit register for signal <Mtridata_d<2>> created at line 58.
    Found 1-bit register for signal <Mtridata_d<3>> created at line 58.
    Found 1-bit register for signal <Mtridata_d<4>> created at line 58.
    Found 1-bit register for signal <Mtridata_d<5>> created at line 58.
    Found 1-bit register for signal <Mtridata_d<6>> created at line 58.
    Found 1-bit register for signal <Mtridata_d<7>> created at line 58.
    Found 1-bit register for signal <Mtridata_d<8>> created at line 58.
    Found 1-bit register for signal <Mtridata_d<9>> created at line 58.
    Found 1-bit xor9 for signal <new_code$xor0000> created at line 53.
    Summary:
	inferred   1 Counter(s).
	inferred   9 D-type flip-flop(s).
	inferred   1 Xor(s).
	inferred   9 Tristate(s).
Unit <ps2> synthesized.


Synthesizing Unit <morse_att>.
    Related source file is "D:/FPGA/Final_Project_9627473/Final_project_9627473/morse_att.vhd".
    Found 1-bit register for signal <o>.
    Found 4-bit down counter for signal <c>.
    Found 1-bit register for signal <d>.
    Found 1-bit register for signal <e>.
    Found 4-bit tristate buffer for signal <f>.
    Found 1-bit 4-to-1 multiplexer for signal <f$mux0000> created at line 80.
    Summary:
	inferred   1 Counter(s).
	inferred   3 D-type flip-flop(s).
	inferred   1 Multiplexer(s).
	inferred   4 Tristate(s).
Unit <morse_att> synthesized.


Synthesizing Unit <top_module>.
    Related source file is "D:/FPGA/Final_Project_9627473/Final_project_9627473/top_module.vhd".
WARNING:Xst:647 - Input <ps2_clk> is never used. This port will be preserved and left unconnected if it belongs to a top-level block or it belongs to a sub-block and the hierarchy of this sub-block is preserved.
WARNING:Xst:646 - Signal <new_code_sig> is assigned but never used. This unconnected signal will be trimmed during the optimization process.
WARNING:Xst:653 - Signal <clk_o> is used but never assigned. This sourceless signal will be automatically connected to value 0.
WARNING:Xst:653 - Signal <clk25sig> is used but never assigned. This sourceless signal will be automatically connected to value 0.
WARNING:Xst:653 - Signal <asci_in> is used but never assigned. This sourceless signal will be automatically connected to value 00000000.
Unit <top_module> synthesized.


=========================================================================
HDL Synthesis Report

Macro Statistics
# Counters                                             : 2
 4-bit down counter                                    : 1
 4-bit up counter                                      : 1
# Registers                                            : 12
 1-bit register                                        : 12
# Latches                                              : 2
 1-bit latch                                           : 1
 8-bit latch                                           : 1
# Multiplexers                                         : 1
 1-bit 4-to-1 multiplexer                              : 1
# Tristates                                            : 13
 1-bit tristate buffer                                 : 13
# Xors                                                 : 1
 1-bit xor9                                            : 1

=========================================================================

=========================================================================
*                       Advanced HDL Synthesis                          *
=========================================================================

WARNING:Xst:1426 - The value init of the FF/Latch o hinder the constant cleaning in the block U2.
   You should achieve better results by setting this init to 1.
WARNING:Xst:1710 - FF/Latch <Mtridata_d<3>> (without init value) has a constant value of 0 in block <U1>. This FF/Latch will be trimmed during the optimization process.
WARNING:Xst:1710 - FF/Latch <Mtridata_d<1>> (without init value) has a constant value of 0 in block <U1>. This FF/Latch will be trimmed during the optimization process.
WARNING:Xst:1710 - FF/Latch <Mtridata_d<2>> (without init value) has a constant value of 0 in block <U1>. This FF/Latch will be trimmed during the optimization process.
WARNING:Xst:1710 - FF/Latch <Mtridata_d<4>> (without init value) has a constant value of 0 in block <U1>. This FF/Latch will be trimmed during the optimization process.
WARNING:Xst:1710 - FF/Latch <Mtridata_d<5>> (without init value) has a constant value of 0 in block <U1>. This FF/Latch will be trimmed during the optimization process.
WARNING:Xst:1710 - FF/Latch <Mtridata_d<8>> (without init value) has a constant value of 0 in block <U1>. This FF/Latch will be trimmed during the optimization process.
WARNING:Xst:1710 - FF/Latch <Mtridata_d<6>> (without init value) has a constant value of 0 in block <U1>. This FF/Latch will be trimmed during the optimization process.
WARNING:Xst:1710 - FF/Latch <Mtridata_d<7>> (without init value) has a constant value of 0 in block <U1>. This FF/Latch will be trimmed during the optimization process.
WARNING:Xst:1710 - FF/Latch <Mtridata_d<9>> (without init value) has a constant value of 0 in block <U1>. This FF/Latch will be trimmed during the optimization process.
WARNING:Xst:1293 - FF/Latch <e> has a constant value of 0 in block <U2>. This FF/Latch will be trimmed during the optimization process.
WARNING:Xst:1896 - Due to other FF/Latch trimming, FF/Latch <d> has a constant value of 0 in block <U2>. This FF/Latch will be trimmed during the optimization process.
WARNING:Xst:1895 - Due to other FF/Latch trimming, FF/Latch <o> (without init value) has a constant value of 0 in block <U2>. This FF/Latch will be trimmed during the optimization process.
WARNING:Xst:638 - in unit U1 Conflict on KEEP property on signal Mtridata_d<3> and Mtridata_d<1> Mtridata_d<1> signal will be lost.
WARNING:Xst:638 - in unit U1 Conflict on KEEP property on signal Mtridata_d<1> and Mtridata_d<2> Mtridata_d<2> signal will be lost.
WARNING:Xst:638 - in unit U1 Conflict on KEEP property on signal Mtridata_d<1> and Mtridata_d<4> Mtridata_d<4> signal will be lost.
WARNING:Xst:638 - in unit U1 Conflict on KEEP property on signal Mtridata_d<1> and Mtridata_d<5> Mtridata_d<5> signal will be lost.
WARNING:Xst:638 - in unit U1 Conflict on KEEP property on signal Mtridata_d<1> and Mtridata_d<8> Mtridata_d<8> signal will be lost.
WARNING:Xst:638 - in unit U1 Conflict on KEEP property on signal Mtridata_d<1> and Mtridata_d<6> Mtridata_d<6> signal will be lost.
WARNING:Xst:638 - in unit U1 Conflict on KEEP property on signal Mtridata_d<1> and Mtridata_d<7> Mtridata_d<7> signal will be lost.
WARNING:Xst:638 - in unit U1 Conflict on KEEP property on signal Mtridata_d<1> and Mtridata_d<9> Mtridata_d<9> signal will be lost.

=========================================================================
Advanced HDL Synthesis Report

Macro Statistics
# Counters                                             : 2
 4-bit down counter                                    : 1
 4-bit up counter                                      : 1
# Registers                                            : 12
 Flip-Flops                                            : 12
# Latches                                              : 2
 1-bit latch                                           : 1
 8-bit latch                                           : 1
# Multiplexers                                         : 1
 1-bit 4-to-1 multiplexer                              : 1
# Xors                                                 : 1
 1-bit xor9                                            : 1

=========================================================================

=========================================================================
*                         Low Level Synthesis                           *
=========================================================================
WARNING:Xst:1426 - The value init of the FF/Latch o hinder the constant cleaning in the block morse_att.
   You should achieve better results by setting this init to 1.
WARNING:Xst:1293 - FF/Latch <e> has a constant value of 0 in block <morse_att>. This FF/Latch will be trimmed during the optimization process.
WARNING:Xst:1896 - Due to other FF/Latch trimming, FF/Latch <d> has a constant value of 0 in block <morse_att>. This FF/Latch will be trimmed during the optimization process.
WARNING:Xst:1895 - Due to other FF/Latch trimming, FF/Latch <o> (without init value) has a constant value of 0 in block <morse_att>. This FF/Latch will be trimmed during the optimization process.
WARNING:Xst:1710 - FF/Latch <Mtridata_d<2>> (without init value) has a constant value of 0 in block <ps2>. This FF/Latch will be trimmed during the optimization process.
WARNING:Xst:1895 - Due to other FF/Latch trimming, FF/Latch <Mtridata_d<1>> (without init value) has a constant value of 0 in block <ps2>. This FF/Latch will be trimmed during the optimization process.
WARNING:Xst:1895 - Due to other FF/Latch trimming, FF/Latch <Mtridata_d<5>> (without init value) has a constant value of 0 in block <ps2>. This FF/Latch will be trimmed during the optimization process.
WARNING:Xst:1895 - Due to other FF/Latch trimming, FF/Latch <Mtridata_d<3>> (without init value) has a constant value of 0 in block <ps2>. This FF/Latch will be trimmed during the optimization process.
WARNING:Xst:1895 - Due to other FF/Latch trimming, FF/Latch <Mtridata_d<4>> (without init value) has a constant value of 0 in block <ps2>. This FF/Latch will be trimmed during the optimization process.
WARNING:Xst:1895 - Due to other FF/Latch trimming, FF/Latch <Mtridata_d<8>> (without init value) has a constant value of 0 in block <ps2>. This FF/Latch will be trimmed during the optimization process.
WARNING:Xst:1895 - Due to other FF/Latch trimming, FF/Latch <Mtridata_d<6>> (without init value) has a constant value of 0 in block <ps2>. This FF/Latch will be trimmed during the optimization process.
WARNING:Xst:1895 - Due to other FF/Latch trimming, FF/Latch <Mtridata_d<7>> (without init value) has a constant value of 0 in block <ps2>. This FF/Latch will be trimmed during the optimization process.
WARNING:Xst:1895 - Due to other FF/Latch trimming, FF/Latch <Mtridata_d<9>> (without init value) has a constant value of 0 in block <ps2>. This FF/Latch will be trimmed during the optimization process.
WARNING:Xst:638 - in unit ps2 Conflict on KEEP property on signal Mtridata_d<2> and Mtridata_d<1> Mtridata_d<1> signal will be lost.
WARNING:Xst:638 - in unit ps2 Conflict on KEEP property on signal Mtridata_d<1> and Mtridata_d<5> Mtridata_d<5> signal will be lost.
WARNING:Xst:638 - in unit ps2 Conflict on KEEP property on signal Mtridata_d<1> and Mtridata_d<3> Mtridata_d<3> signal will be lost.
WARNING:Xst:638 - in unit ps2 Conflict on KEEP property on signal Mtridata_d<1> and Mtridata_d<4> Mtridata_d<4> signal will be lost.
WARNING:Xst:638 - in unit ps2 Conflict on KEEP property on signal Mtridata_d<1> and Mtridata_d<8> Mtridata_d<8> signal will be lost.
WARNING:Xst:638 - in unit ps2 Conflict on KEEP property on signal Mtridata_d<1> and Mtridata_d<6> Mtridata_d<6> signal will be lost.
WARNING:Xst:638 - in unit ps2 Conflict on KEEP property on signal Mtridata_d<1> and Mtridata_d<7> Mtridata_d<7> signal will be lost.
WARNING:Xst:638 - in unit ps2 Conflict on KEEP property on signal Mtridata_d<1> and Mtridata_d<9> Mtridata_d<9> signal will be lost.
WARNING:Xst:1293 - FF/Latch <i_0> has a constant value of 0 in block <ps2>. This FF/Latch will be trimmed during the optimization process.
WARNING:Xst:1293 - FF/Latch <i_1> has a constant value of 0 in block <ps2>. This FF/Latch will be trimmed during the optimization process.
WARNING:Xst:1293 - FF/Latch <i_2> has a constant value of 0 in block <ps2>. This FF/Latch will be trimmed during the optimization process.
WARNING:Xst:1293 - FF/Latch <i_3> has a constant value of 0 in block <ps2>. This FF/Latch will be trimmed during the optimization process.
WARNING:Xst:1710 - FF/Latch <new_code> (without init value) has a constant value of 0 in block <ps2>. This FF/Latch will be trimmed during the optimization process.
WARNING:Xst:1710 - FF/Latch <code_0> (without init value) has a constant value of 0 in block <ps2>. This FF/Latch will be trimmed during the optimization process.
WARNING:Xst:1710 - FF/Latch <code_1> (without init value) has a constant value of 0 in block <ps2>. This FF/Latch will be trimmed during the optimization process.
WARNING:Xst:1710 - FF/Latch <code_2> (without init value) has a constant value of 0 in block <ps2>. This FF/Latch will be trimmed during the optimization process.
WARNING:Xst:1710 - FF/Latch <code_3> (without init value) has a constant value of 0 in block <ps2>. This FF/Latch will be trimmed during the optimization process.
WARNING:Xst:1710 - FF/Latch <code_4> (without init value) has a constant value of 0 in block <ps2>. This FF/Latch will be trimmed during the optimization process.
WARNING:Xst:1710 - FF/Latch <code_5> (without init value) has a constant value of 0 in block <ps2>. This FF/Latch will be trimmed during the optimization process.
WARNING:Xst:1710 - FF/Latch <code_6> (without init value) has a constant value of 0 in block <ps2>. This FF/Latch will be trimmed during the optimization process.
WARNING:Xst:1710 - FF/Latch <code_7> (without init value) has a constant value of 0 in block <ps2>. This FF/Latch will be trimmed during the optimization process.

Optimizing unit <top_module> ...

Mapping all equations...
Building and optimizing final netlist ...
Found area constraint ratio of 100 (+ 5) on block top_module, actual ratio is 0.

Final Macro Processing ...

=========================================================================
Final Register Report

Found no macro
=========================================================================

=========================================================================
*                           Partition Report                            *
=========================================================================

Partition Implementation Status
-------------------------------

  No Partitions were found in this design.

-------------------------------

=========================================================================
*                            Final Report                               *
=========================================================================
Final Results
RTL Top Level Output File Name     : top_module.ngr
Top Level Output File Name         : top_module
Output Format                      : NGC
Optimization Goal                  : Speed
Keep Hierarchy                     : No

Design Statistics
# IOs                              : 11

Cell Usage :
# BELS                             : 1
#      GND                         : 1
# IO Buffers                       : 9
#      OBUF                        : 9
=========================================================================

Device utilization summary:
---------------------------

Selected Device : 3s400pq208-5 

 Number of Slices:                        0  out of   3584     0%  
 Number of IOs:                          11
 Number of bonded IOBs:                   9  out of    141     6%  

---------------------------
Partition Resource Summary:
---------------------------

  No Partitions were found in this design.

---------------------------


=========================================================================
TIMING REPORT

NOTE: THESE TIMING NUMBERS ARE ONLY A SYNTHESIS ESTIMATE.
      FOR ACCURATE TIMING INFORMATION PLEASE REFER TO THE TRACE REPORT
      GENERATED AFTER PLACE-and-ROUTE.

Clock Information:
------------------
No clock signals found in this design

Asynchronous Control Signals Information:
----------------------------------------
No asynchronous control signals found in this design

Timing Summary:
---------------
Speed Grade: -5

   Minimum period: No path found
   Minimum input arrival time before clock: No path found
   Maximum output required time after clock: No path found
   Maximum combinational path delay: No path found

Timing Detail:
--------------
All values displayed in nanoseconds (ns)

=========================================================================


Total REAL time to Xst completion: 6.00 secs
Total CPU time to Xst completion: 5.98 secs
 
--> 

Total memory usage is 4513500 kilobytes

Number of errors   :    0 (   0 filtered)
Number of warnings :   65 (   0 filtered)
Number of infos    :    0 (   0 filtered)

